<?xml version="1.0" encoding="UTF-8"?>
<testng-results ignored="0" total="1" passed="1" failed="0" skipped="0">
  <reporter-output>
  </reporter-output>
  <suite started-at="2023-08-06T22:05:54 IST" name="Guru99 Application" finished-at="2023-08-06T22:06:17 IST" duration-ms="23657">
    <groups>
    </groups>
    <test started-at="2023-08-06T22:05:54 IST" name="Guru99" finished-at="2023-08-06T22:06:17 IST" duration-ms="23657">
      <class name="com.maroti.page.RegisterPageTest">
        <test-method is-config="true" signature="setUp()[pri:0, instance:com.maroti.page.RegisterPageTest@17f62e33]" started-at="2023-08-06T22:05:54 IST" name="setUp" finished-at="2023-08-06T22:06:09 IST" duration-ms="15475" status="PASS">
          <reporter-output>
          </reporter-output>
        </test-method> <!-- setUp -->
        <test-method signature="testRegister(com.maroti.model.Register)[pri:0, instance:com.maroti.page.RegisterPageTest@17f62e33]" started-at="2023-08-06T22:06:11 IST" name="testRegister" data-provider="data" finished-at="2023-08-06T22:06:17 IST" duration-ms="6435" status="PASS">
          <params>
            <param index="0">
              <value>
                <![CDATA[firstName=Krishna lastName=Patil phone=9.876543211E9 email=krishna@example.com city=Latur state=Maharashtra country=INDIA username=krishna password=krishna@123 cNFPassword=krishna@123]]>
              </value>
            </param>
          </params>
          <reporter-output>
          </reporter-output>
        </test-method> <!-- testRegister -->
      </class> <!-- com.maroti.page.RegisterPageTest -->
    </test> <!-- Guru99 -->
  </suite> <!-- Guru99 Application -->
</testng-results>
